{"D:\\Jest\\src\\arrays.js": {"path":"D:\\Jest\\src\\arrays.js","statementMap":{"0":{"start":{"line":2,"column":4},"end":{"line":7,"column":5}},"1":{"start":{"line":11,"column":4},"end":{"line":16,"column":5}},"2":{"start":{"line":19,"column":0},"end":{"line":19,"column":39}}},"fnMap":{"0":{"name":"carsList","decl":{"start":{"line":1,"column":9},"end":{"line":1,"column":17}},"loc":{"start":{"line":1,"column":19},"end":{"line":8,"column":1}},"line":1},"1":{"name":"brandsList","decl":{"start":{"line":10,"column":9},"end":{"line":10,"column":19}},"loc":{"start":{"line":10,"column":21},"end":{"line":17,"column":1}},"line":10}},"branchMap":{},"s":{"0":3,"1":0,"2":1},"f":{"0":3,"1":0},"b":{},"_coverageSchema":"1a1c01bbd47fc00a2c39e90264f33305004495a9","hash":"2158339f146bd93867a74e4190a82237dbe0d6a6"}
,"D:\\Jest\\src\\suma.js": {"path":"D:\\Jest\\src\\suma.js","statementMap":{"0":{"start":{"line":3,"column":4},"end":{"line":3,"column":15}},"1":{"start":{"line":7,"column":0},"end":{"line":7,"column":22}}},"fnMap":{"0":{"name":"suma","decl":{"start":{"line":1,"column":9},"end":{"line":1,"column":13}},"loc":{"start":{"line":1,"column":21},"end":{"line":5,"column":1}},"line":1}},"branchMap":{},"s":{"0":4,"1":2},"f":{"0":4},"b":{},"_coverageSchema":"1a1c01bbd47fc00a2c39e90264f33305004495a9","hash":"8a8b72a7b8d8251f63bc5ba56789662b91bdc352"}
}
